<?xml version="1.0" encoding="UTF-8"?>
<!-- Generated by org.testng.reporters.JUnitReportReporter -->
<testsuite hostname="11LAP5CG2313NNJ" failures="0" tests="1" name="jenkins_integration.ErrorValidations" time="7.700" errors="0" timestamp="2024-02-29T09:55:15 CET" skipped="0">
  <testcase classname="jenkins_integration.ErrorValidations" name="errorVal" time="7.700"/>
</testsuite> <!-- jenkins_integration.ErrorValidations -->
